2026-04-19 22:05:24,860 - __main__ - INFO - Реестр читателей успешно инициализирован
2026-04-19 22:05:24,861 - __main__ - INFO - Найдено 5 файлов для обработки
2026-04-19 22:05:24,861 - __main__ - INFO - Обработка файла: empty.csv
2026-04-19 22:05:24,861 - __main__ - ERROR - Ошибка формата в empty.csv: CSV файл data/empty.csv не имеет строки заголовка
2026-04-19 22:05:24,861 - __main__ - INFO - Обработка файла: good.csv
2026-04-19 22:05:24,861 - __main__ - INFO - Прочитано 3 записей из good.csv
2026-04-19 22:05:24,864 - __main__ - INFO - Обработка файла: good.json
2026-04-19 22:05:24,864 - __main__ - INFO - Прочитано 2 записей из good.json
2026-04-19 22:05:24,864 - __main__ - INFO - Обработка файла: mixed.csv
2026-04-19 22:05:24,864 - __main__ - INFO - Прочитано 4 записей из mixed.csv
2026-04-19 22:05:24,864 - __main__ - INFO - Обработка файла: wrong.json
2026-04-19 22:05:24,865 - __main__ - ERROR - Ошибка формата в wrong.json: Неверный JSON в data/wrong.json: Expecting ',' delimiter: line 1 column 70 (char 69)
2026-04-19 22:05:24,865 - __main__ - INFO - Результаты сохранены в result.json
2026-04-19 22:05:24,865 - __main__ - INFO - Обработка завершена. Валидных: 7, Ошибок: 2
2026-04-19 22:16:24,221 - __main__ - INFO - Реестр читателей успешно инициализирован
2026-04-19 22:16:24,222 - __main__ - INFO - Найдено 5 файлов для обработки
2026-04-19 22:16:24,222 - __main__ - INFO - Обработка файла: empty.csv
2026-04-19 22:16:24,222 - __main__ - ERROR - Ошибка формата в empty.csv: CSV файл data/empty.csv не имеет строки заголовка
2026-04-19 22:16:24,222 - __main__ - INFO - Обработка файла: good.csv
2026-04-19 22:16:24,222 - __main__ - INFO - Прочитано 3 записей из good.csv
2026-04-19 22:16:24,224 - __main__ - INFO - Обработка файла: good.json
2026-04-19 22:16:24,224 - __main__ - INFO - Прочитано 2 записей из good.json
2026-04-19 22:16:24,224 - __main__ - INFO - Обработка файла: mixed.csv
2026-04-19 22:16:24,224 - __main__ - INFO - Прочитано 4 записей из mixed.csv
2026-04-19 22:16:24,224 - __main__ - INFO - Обработка файла: wrong.json
2026-04-19 22:16:24,225 - __main__ - ERROR - Ошибка формата в wrong.json: Неверный JSON в data/wrong.json: Expecting ',' delimiter: line 1 column 70 (char 69)
2026-04-19 22:16:24,226 - __main__ - INFO - Результаты сохранены в result.json
2026-04-19 22:16:24,226 - __main__ - INFO - Обработка завершена. Валидных: 7, Ошибок: 2
2026-04-19 22:16:51,562 - __main__ - INFO - Реестр читателей успешно инициализирован
2026-04-19 22:16:51,563 - __main__ - INFO - Найдено 5 файлов для обработки
2026-04-19 22:16:51,563 - __main__ - INFO - Обработка файла: empty.csv
2026-04-19 22:16:51,563 - __main__ - ERROR - Ошибка формата в empty.csv: CSV файл data/empty.csv не имеет строки заголовка
2026-04-19 22:16:51,563 - __main__ - INFO - Обработка файла: good.csv
2026-04-19 22:16:51,563 - __main__ - INFO - Прочитано 3 записей из good.csv
2026-04-19 22:16:51,566 - __main__ - INFO - Обработка файла: good.json
2026-04-19 22:16:51,566 - __main__ - INFO - Прочитано 2 записей из good.json
2026-04-19 22:16:51,566 - __main__ - INFO - Обработка файла: mixed.csv
2026-04-19 22:16:51,567 - __main__ - INFO - Прочитано 4 записей из mixed.csv
2026-04-19 22:16:51,567 - __main__ - INFO - Обработка файла: wrong.json
2026-04-19 22:16:51,567 - __main__ - ERROR - Ошибка формата в wrong.json: Неверный JSON в data/wrong.json: Expecting ',' delimiter: line 1 column 70 (char 69)
2026-04-19 22:16:51,567 - __main__ - INFO - Результаты сохранены в result.json
2026-04-19 22:16:51,567 - __main__ - INFO - Обработка завершена. Валидных: 7, Ошибок: 2
2026-04-19 22:57:28,804 - __main__ - INFO - Реестр читателей успешно инициализирован
2026-04-19 22:57:28,805 - __main__ - INFO - Найдено 5 файлов для обработки
2026-04-19 22:57:28,805 - __main__ - INFO - Обработка файла: empty.csv
2026-04-19 22:57:28,806 - __main__ - ERROR - Ошибка формата в empty.csv: CSV файл data/empty.csv не имеет строки заголовка
2026-04-19 22:57:28,806 - __main__ - INFO - Обработка файла: good.csv
2026-04-19 22:57:28,806 - __main__ - INFO - Прочитано 3 записей из good.csv
2026-04-19 22:57:28,810 - __main__ - INFO - Обработка файла: good.json
2026-04-19 22:57:28,811 - __main__ - INFO - Прочитано 2 записей из good.json
2026-04-19 22:57:28,811 - __main__ - INFO - Обработка файла: mixed.csv
2026-04-19 22:57:28,811 - __main__ - INFO - Прочитано 4 записей из mixed.csv
2026-04-19 22:57:28,812 - __main__ - INFO - Обработка файла: wrong.json
2026-04-19 22:57:28,812 - __main__ - ERROR - Ошибка формата в wrong.json: Неверный JSON в data/wrong.json: Expecting ',' delimiter: line 1 column 70 (char 69)
2026-04-19 22:57:28,813 - __main__ - INFO - Результаты сохранены в result.json
2026-04-19 22:57:28,813 - __main__ - INFO - Обработка завершена. Валидных: 7, Ошибок: 2
2026-04-20 01:59:51,460 - __main__ - INFO - Реестр читателей успешно инициализирован
2026-04-20 01:59:51,460 - __main__ - INFO - Найдено 7 файлов для обработки
2026-04-20 01:59:51,460 - __main__ - INFO - Обработка файла: duplicate_ids.csv
2026-04-20 01:59:51,461 - __main__ - INFO - Прочитано 4 записей из duplicate_ids.csv
2026-04-20 01:59:51,463 - __main__ - INFO - Обработка файла: empty.csv
2026-04-20 01:59:51,463 - __main__ - WARNING - Пустой файл: empty.csv - Файл empty.csv пустой
2026-04-20 01:59:51,463 - __main__ - INFO - Обработка файла: good.csv
2026-04-20 01:59:51,463 - __main__ - INFO - Прочитано 2 записей из good.csv
2026-04-20 01:59:51,463 - __main__ - INFO - Обработка файла: good.json
2026-04-20 01:59:51,464 - __main__ - INFO - Прочитано 1 записей из good.json
2026-04-20 01:59:51,464 - __main__ - INFO - Обработка файла: mixed.csv
2026-04-20 01:59:51,464 - __main__ - INFO - Прочитано 4 записей из mixed.csv
2026-04-20 01:59:51,464 - __main__ - INFO - Обработка файла: no_permission.csv
2026-04-20 01:59:51,464 - __main__ - ERROR - Ошибка доступа к файлу no_permission.csv: Нет прав на чтение файла no_permission.csv: [Errno 13] Permission denied: 'data/no_permission.csv'
2026-04-20 01:59:51,464 - __main__ - INFO - Обработка файла: wrong.json
2026-04-20 01:59:51,464 - __main__ - ERROR - Ошибка формата в wrong.json: Неверный JSON в wrong.json: Expecting ',' delimiter: line 2 column 1 (char 70)
2026-04-20 01:59:51,464 - app.services.aggregator - WARNING - Дубликат ID 'dup1'. Первый раз: duplicate_ids.csv, второй раз: duplicate_ids.csv
2026-04-20 01:59:51,464 - app.services.aggregator - WARNING - Дубликат ID 'dup1'. Первый раз: duplicate_ids.csv, второй раз: duplicate_ids.csv
2026-04-20 01:59:51,465 - __main__ - INFO - Результаты сохранены в result.json
2026-04-20 01:59:51,465 - __main__ - INFO - Обработка завершена. Валидных: 9, Ошибок: 2
2026-04-20 01:59:51,465 - __main__ - WARNING - Обнаружено дубликатов ID: 2
2026-04-20 02:01:44,994 - __main__ - INFO - Реестр читателей успешно инициализирован
2026-04-20 02:01:44,995 - __main__ - INFO - Найдено 7 файлов для обработки
2026-04-20 02:01:44,995 - __main__ - INFO - Обработка файла: duplicate_ids.csv
2026-04-20 02:01:44,995 - __main__ - INFO - Прочитано 4 записей из duplicate_ids.csv
2026-04-20 02:01:44,997 - __main__ - INFO - Обработка файла: empty.csv
2026-04-20 02:01:44,997 - __main__ - WARNING - Пустой файл: empty.csv - Файл empty.csv пустой
2026-04-20 02:01:44,997 - __main__ - INFO - Обработка файла: good.csv
2026-04-20 02:01:44,998 - __main__ - INFO - Прочитано 2 записей из good.csv
2026-04-20 02:01:44,998 - __main__ - INFO - Обработка файла: good.json
2026-04-20 02:01:44,998 - __main__ - INFO - Прочитано 1 записей из good.json
2026-04-20 02:01:44,998 - __main__ - INFO - Обработка файла: mixed.csv
2026-04-20 02:01:44,998 - __main__ - INFO - Прочитано 4 записей из mixed.csv
2026-04-20 02:01:44,998 - __main__ - INFO - Обработка файла: no_permission.csv
2026-04-20 02:01:44,998 - __main__ - ERROR - Ошибка доступа к файлу no_permission.csv: Нет прав на чтение файла no_permission.csv: [Errno 13] Permission denied: 'data/no_permission.csv'
2026-04-20 02:01:44,998 - __main__ - INFO - Обработка файла: wrong.json
2026-04-20 02:01:44,999 - __main__ - ERROR - Ошибка формата в wrong.json: Неверный JSON в wrong.json: Expecting ',' delimiter: line 2 column 1 (char 70)
2026-04-20 02:01:44,999 - app.services.aggregator - WARNING - Дубликат ID 'dup1'. Первый раз: duplicate_ids.csv, второй раз: duplicate_ids.csv
2026-04-20 02:01:44,999 - app.services.aggregator - WARNING - Дубликат ID 'dup1'. Первый раз: duplicate_ids.csv, второй раз: duplicate_ids.csv
2026-04-20 02:01:44,999 - __main__ - INFO - Результаты сохранены в result.json
2026-04-20 02:01:44,999 - __main__ - INFO - Обработка завершена. Валидных: 9, Ошибок: 2
2026-04-20 02:01:44,999 - __main__ - WARNING - Обнаружено дубликатов ID: 2
2026-04-20 02:08:46,073.073 - __main__ - INFO - Реестр читателей успешно инициализирован
2026-04-20 02:08:46,074.074 - __main__ - INFO - Найдено 7 файлов для обработки
2026-04-20 02:08:46,074.074 - __main__ - INFO - Обработка файла: duplicate_ids.csv
2026-04-20 02:08:46,074.074 - __main__ - INFO - Прочитано 4 записей из duplicate_ids.csv
2026-04-20 02:08:46,076.076 - __main__ - INFO - Обработка файла: empty.csv
2026-04-20 02:08:46,076.076 - __main__ - WARNING - Пустой файл: empty.csv - Файл empty.csv пустой
2026-04-20 02:08:46,076.076 - __main__ - INFO - Обработка файла: good.csv
2026-04-20 02:08:46,077.077 - __main__ - INFO - Прочитано 2 записей из good.csv
2026-04-20 02:08:46,077.077 - __main__ - INFO - Обработка файла: good.json
2026-04-20 02:08:46,077.077 - __main__ - INFO - Прочитано 1 записей из good.json
2026-04-20 02:08:46,077.077 - __main__ - INFO - Обработка файла: mixed.csv
2026-04-20 02:08:46,077.077 - __main__ - INFO - Прочитано 4 записей из mixed.csv
2026-04-20 02:08:46,077.077 - __main__ - INFO - Обработка файла: no_permission.csv
2026-04-20 02:08:46,077.077 - __main__ - ERROR - Ошибка доступа к файлу no_permission.csv: Нет прав на чтение файла no_permission.csv: [Errno 13] Permission denied: 'data/no_permission.csv'
2026-04-20 02:08:46,077.077 - __main__ - INFO - Обработка файла: wrong.json
2026-04-20 02:08:46,078.078 - __main__ - ERROR - Ошибка формата в wrong.json: Неверный JSON в wrong.json: Expecting ',' delimiter: line 2 column 1 (char 70)
2026-04-20 02:08:46,078.078 - app.services.aggregator - WARNING - Дубликат ID 'dup1'. Первый раз: duplicate_ids.csv, второй раз: duplicate_ids.csv
2026-04-20 02:08:46,078.078 - app.services.aggregator - WARNING - Дубликат ID 'dup1'. Первый раз: duplicate_ids.csv, второй раз: duplicate_ids.csv
2026-04-20 02:08:46,078.078 - __main__ - INFO - Результаты сохранены в result.json
2026-04-20 02:08:46,078.078 - __main__ - INFO - Обработка завершена. Валидных: 9, Ошибок: 2
2026-04-20 02:08:46,078.078 - __main__ - WARNING - Обнаружено дубликатов ID: 2
2026-04-20 02:09:00,744 - __main__ - INFO - Реестр читателей успешно инициализирован
2026-04-20 02:09:00,745 - __main__ - INFO - Найдено 7 файлов для обработки
2026-04-20 02:09:00,745 - __main__ - INFO - Обработка файла: duplicate_ids.csv
2026-04-20 02:09:00,745 - __main__ - INFO - Прочитано 4 записей из duplicate_ids.csv
2026-04-20 02:09:00,747 - __main__ - INFO - Обработка файла: empty.csv
2026-04-20 02:09:00,747 - __main__ - WARNING - Пустой файл: empty.csv - Файл empty.csv пустой
2026-04-20 02:09:00,747 - __main__ - INFO - Обработка файла: good.csv
2026-04-20 02:09:00,748 - __main__ - INFO - Прочитано 2 записей из good.csv
2026-04-20 02:09:00,748 - __main__ - INFO - Обработка файла: good.json
2026-04-20 02:09:00,748 - __main__ - INFO - Прочитано 1 записей из good.json
2026-04-20 02:09:00,748 - __main__ - INFO - Обработка файла: mixed.csv
2026-04-20 02:09:00,748 - __main__ - INFO - Прочитано 4 записей из mixed.csv
2026-04-20 02:09:00,748 - __main__ - INFO - Обработка файла: no_permission.csv
2026-04-20 02:09:00,748 - __main__ - ERROR - Ошибка доступа к файлу no_permission.csv: Нет прав на чтение файла no_permission.csv: [Errno 13] Permission denied: 'data/no_permission.csv'
2026-04-20 02:09:00,748 - __main__ - INFO - Обработка файла: wrong.json
2026-04-20 02:09:00,748 - __main__ - ERROR - Ошибка формата в wrong.json: Неверный JSON в wrong.json: Expecting ',' delimiter: line 2 column 1 (char 70)
2026-04-20 02:09:00,748 - app.services.aggregator - WARNING - Дубликат ID 'dup1'. Первый раз: duplicate_ids.csv, второй раз: duplicate_ids.csv
2026-04-20 02:09:00,748 - app.services.aggregator - WARNING - Дубликат ID 'dup1'. Первый раз: duplicate_ids.csv, второй раз: duplicate_ids.csv
2026-04-20 02:09:00,749 - __main__ - INFO - Результаты сохранены в result.json
2026-04-20 02:09:00,749 - __main__ - INFO - Обработка завершена. Валидных: 9, Ошибок: 2
2026-04-20 02:09:00,749 - __main__ - WARNING - Обнаружено дубликатов ID: 2
2026-04-20 08:48:07,504 - __main__ - INFO - Реестр читателей успешно инициализирован
2026-04-20 08:48:07,504 - __main__ - INFO - Найдено 7 файлов для обработки
2026-04-20 08:48:07,504 - __main__ - INFO - Обработка файла: duplicate_ids.csv
2026-04-20 08:48:07,505 - __main__ - INFO - Прочитано 4 записей из duplicate_ids.csv
2026-04-20 08:48:07,507 - __main__ - INFO - Обработка файла: empty.csv
2026-04-20 08:48:07,507 - __main__ - WARNING - Пустой файл: empty.csv - Файл empty.csv пустой
2026-04-20 08:48:07,507 - __main__ - INFO - Обработка файла: good.csv
2026-04-20 08:48:07,508 - __main__ - INFO - Прочитано 2 записей из good.csv
2026-04-20 08:48:07,508 - __main__ - INFO - Обработка файла: good.json
2026-04-20 08:48:07,508 - __main__ - INFO - Прочитано 1 записей из good.json
2026-04-20 08:48:07,508 - __main__ - INFO - Обработка файла: mixed.csv
2026-04-20 08:48:07,508 - __main__ - INFO - Прочитано 4 записей из mixed.csv
2026-04-20 08:48:07,508 - __main__ - INFO - Обработка файла: no_permission.csv
2026-04-20 08:48:07,508 - __main__ - ERROR - Ошибка доступа к файлу no_permission.csv: Нет прав на чтение файла no_permission.csv: [Errno 13] Permission denied: 'data/no_permission.csv'
2026-04-20 08:48:07,508 - __main__ - INFO - Обработка файла: wrong.json
2026-04-20 08:48:07,509 - __main__ - ERROR - Ошибка формата в wrong.json: Неверный JSON в wrong.json: Expecting ',' delimiter: line 2 column 1 (char 70)
2026-04-20 08:48:07,509 - app.services.aggregator - WARNING - Дубликат ID 'dup1'. Первый раз: duplicate_ids.csv, второй раз: duplicate_ids.csv
2026-04-20 08:48:07,509 - app.services.aggregator - WARNING - Дубликат ID 'dup1'. Первый раз: duplicate_ids.csv, второй раз: duplicate_ids.csv
2026-04-20 08:48:07,509 - __main__ - INFO - Результаты сохранены в result.json
2026-04-20 08:48:07,510 - __main__ - INFO - Обработка завершена. Валидных: 9, Ошибок: 2
2026-04-20 08:48:07,510 - __main__ - WARNING - Обнаружено дубликатов ID: 2
2026-04-20 09:17:53,588 - __main__ - INFO - Реестр читателей успешно инициализирован
2026-04-20 09:17:53,589 - __main__ - INFO - Найдено 7 файлов для обработки
2026-04-20 09:17:53,589 - __main__ - INFO - Обработка файла: duplicate_ids.csv
2026-04-20 09:17:53,589 - __main__ - INFO - Прочитано 4 записей из duplicate_ids.csv
2026-04-20 09:17:53,592 - __main__ - INFO - Обработка файла: empty.csv
2026-04-20 09:17:53,592 - __main__ - WARNING - Пустой файл: empty.csv - Файл empty.csv пустой
2026-04-20 09:17:53,592 - __main__ - INFO - Обработка файла: good.csv
2026-04-20 09:17:53,592 - __main__ - INFO - Прочитано 2 записей из good.csv
2026-04-20 09:17:53,592 - __main__ - INFO - Обработка файла: good.json
2026-04-20 09:17:53,592 - __main__ - INFO - Прочитано 1 записей из good.json
2026-04-20 09:17:53,592 - __main__ - INFO - Обработка файла: mixed.csv
2026-04-20 09:17:53,592 - __main__ - INFO - Прочитано 4 записей из mixed.csv
2026-04-20 09:17:53,592 - __main__ - INFO - Обработка файла: no_permission.csv
2026-04-20 09:17:53,592 - __main__ - ERROR - Ошибка доступа к файлу no_permission.csv: Нет прав на чтение файла no_permission.csv: [Errno 13] Permission denied: 'data/no_permission.csv'
2026-04-20 09:17:53,592 - __main__ - INFO - Обработка файла: wrong.json
2026-04-20 09:17:53,593 - __main__ - ERROR - Ошибка формата в wrong.json: Неверный JSON в wrong.json: Expecting ',' delimiter: line 2 column 1 (char 70)
2026-04-20 09:17:53,593 - app.services.aggregator - WARNING - Дубликат ID 'dup1'. Первый раз: duplicate_ids.csv, второй раз: duplicate_ids.csv
2026-04-20 09:17:53,593 - app.services.aggregator - WARNING - Дубликат ID 'dup1'. Первый раз: duplicate_ids.csv, второй раз: duplicate_ids.csv
2026-04-20 09:17:53,593 - __main__ - INFO - Результаты сохранены в result.json
2026-04-20 09:17:53,594 - __main__ - INFO - Обработка завершена. Валидных: 9, Ошибок: 2
2026-04-20 09:17:53,594 - __main__ - WARNING - Обнаружено дубликатов ID: 2
